<?xml version="1.0" encoding="UTF-8"?>
<!-- Generated by org.testng.reporters.JUnitXMLReporter -->
<testsuite ignored="1" hostname="LAPTOP-644D0OPQ" failures="0" tests="5" name="Test" time="0.151" errors="0" timestamp="2021-12-28T18:08:23 IST">
  <testcase classname="com.TestNG_RunnerClass.TestNgRunner" name="@BeforeTest browserLaunch" time="-1.640695102967E9">
    <failure type="org.testng.TestNGException" message="
Parameter &amp;apos;browser&amp;apos; is required by BeforeTest on method browserLaunch but has not been marked @Optional or defined
in C:\Users\heman\eclipse-workspace\RunnerClass_MiniProject\TestNG XML File\testNg parallel.xml">
      <![CDATA[org.testng.TestNGException: 
Parameter 'browser' is required by BeforeTest on method browserLaunch but has not been marked @Optional or defined
in C:\Users\heman\eclipse-workspace\RunnerClass_MiniProject\TestNG XML File\testNg parallel.xml
... Removed 21 stack frames]]>
    </failure>
  </testcase> <!-- @BeforeTest browserLaunch -->
  <testcase classname="com.TestNG_RunnerClass.TestNgRunner" name="@BeforeClass urlLaunch" time="-1.640695103024E9">
    <skipped/>
  </testcase> <!-- @BeforeClass urlLaunch -->
  <testcase classname="com.TestNG_RunnerClass.TestNgRunner" name="@BeforeMethod signIn" time="-1.640695103053E9">
    <skipped/>
  </testcase> <!-- @BeforeMethod signIn -->
  <testcase classname="com.TestNG_RunnerClass.TestNgRunner" name="@BeforeMethod signIn" time="-1.640695103053E9">
    <skipped/>
  </testcase> <!-- @BeforeMethod signIn -->
  <testcase classname="com.TestNG_RunnerClass.TestNgRunner" name="@BeforeMethod signIn" time="-1.640695103053E9">
    <skipped/>
  </testcase> <!-- @BeforeMethod signIn -->
  <testcase classname="com.TestNG_RunnerClass.TestNgRunner" name="@AfterMethod signOut" time="-1.640695103069E9">
    <skipped/>
  </testcase> <!-- @AfterMethod signOut -->
  <testcase classname="com.TestNG_RunnerClass.TestNgRunner" name="@AfterMethod signOut" time="-1.640695103077E9">
    <skipped/>
  </testcase> <!-- @AfterMethod signOut -->
  <testcase classname="com.TestNG_RunnerClass.TestNgRunner" name="@AfterMethod signOut" time="-1.640695103083E9">
    <skipped/>
  </testcase> <!-- @AfterMethod signOut -->
  <testcase classname="com.TestNG_RunnerClass.TestNgRunner" name="@BeforeMethod signIn" time="-1.640695103084E9">
    <skipped/>
  </testcase> <!-- @BeforeMethod signIn -->
  <testcase classname="com.TestNG_RunnerClass.TestNgRunner" name="@AfterMethod signOut" time="-1.64069510309E9">
    <skipped/>
  </testcase> <!-- @AfterMethod signOut -->
  <testcase classname="com.TestNG_RunnerClass.TestNgRunner" name="@AfterClass logOutValidate" time="-1.640695103102E9">
    <skipped/>
  </testcase> <!-- @AfterClass logOutValidate -->
  <testcase classname="com.TestNG_RunnerClass.TestNgRunner" name="@AfterTest browserClose" time="-1.640695103105E9">
    <skipped/>
  </testcase> <!-- @AfterTest browserClose -->
  <testcase classname="com.TestNG_RunnerClass.TestNgRunner" name="women" time="0.0">
    <skipped/>
  </testcase> <!-- women -->
  <testcase classname="com.TestNG_RunnerClass.TestNgRunner" name="dresses" time="0.0">
    <skipped/>
  </testcase> <!-- dresses -->
  <testcase classname="com.TestNG_RunnerClass.TestNgRunner" name="blouses" time="0.001">
    <skipped/>
  </testcase> <!-- blouses -->
  <testcase classname="com.TestNG_RunnerClass.TestNgRunner" name="blouses" time="0.0">
    <skipped/>
  </testcase> <!-- blouses -->
  <testcase classname="com.TestNG_RunnerClass.TestNgRunner" name="womenTshirt" time="0.0">
    <skipped/>
  </testcase> <!-- womenTshirt -->
  <testcase classname="com.TestNG_RunnerClass.TestNgRunner" name="summerDresses" time="0.0">
    <ignored/>
  </testcase> <!-- summerDresses -->
</testsuite> <!-- Test -->
